<?xml version="1.0" encoding="UTF-8"?>
<testsuite name="mx.edu.uacm.test.domain.VehiculoTest" tests="1" skipped="0" failures="0" errors="0" timestamp="2018-10-11T19:07:02" hostname="A-000-4307" time="0.592">
  <properties/>
  <testcase name="testGuardarVehiculosAccesorios" classname="mx.edu.uacm.test.domain.VehiculoTest" time="0.592"/>
  <system-out><![CDATA[14:06:56.350 [Test worker] DEBUG org.springframework.test.context.junit4.SpringJUnit4ClassRunner - SpringJUnit4ClassRunner constructor called with [class mx.edu.uacm.test.domain.VehiculoTest]
14:06:56.365 [Test worker] DEBUG org.springframework.test.context.BootstrapUtils - Instantiating CacheAwareContextLoaderDelegate from class [org.springframework.test.context.cache.DefaultCacheAwareContextLoaderDelegate]
14:06:56.375 [Test worker] DEBUG org.springframework.test.context.BootstrapUtils - Instantiating BootstrapContext using constructor [public org.springframework.test.context.support.DefaultBootstrapContext(java.lang.Class,org.springframework.test.context.CacheAwareContextLoaderDelegate)]
14:06:56.406 [Test worker] DEBUG org.springframework.test.context.BootstrapUtils - Instantiating TestContextBootstrapper for test class [mx.edu.uacm.test.domain.VehiculoTest] from class [org.springframework.boot.test.context.SpringBootTestContextBootstrapper]
14:06:56.430 [Test worker] INFO org.springframework.boot.test.context.SpringBootTestContextBootstrapper - Neither @ContextConfiguration nor @ContextHierarchy found for test class [mx.edu.uacm.test.domain.VehiculoTest], using SpringBootContextLoader
14:06:56.434 [Test worker] DEBUG org.springframework.test.context.support.AbstractContextLoader - Did not detect default resource location for test class [mx.edu.uacm.test.domain.VehiculoTest]: class path resource [mx/edu/uacm/test/domain/VehiculoTest-context.xml] does not exist
14:06:56.435 [Test worker] DEBUG org.springframework.test.context.support.AbstractContextLoader - Did not detect default resource location for test class [mx.edu.uacm.test.domain.VehiculoTest]: class path resource [mx/edu/uacm/test/domain/VehiculoTestContext.groovy] does not exist
14:06:56.435 [Test worker] INFO org.springframework.test.context.support.AbstractContextLoader - Could not detect default resource locations for test class [mx.edu.uacm.test.domain.VehiculoTest]: no resource found for suffixes {-context.xml, Context.groovy}.
14:06:56.484 [Test worker] DEBUG org.springframework.test.context.support.ActiveProfilesUtils - Could not find an 'annotation declaring class' for annotation type [org.springframework.test.context.ActiveProfiles] and class [mx.edu.uacm.test.domain.VehiculoTest]
14:06:56.691 [Test worker] DEBUG org.springframework.boot.test.context.SpringBootTestContextBootstrapper - @TestExecutionListeners is not present for class [mx.edu.uacm.test.domain.VehiculoTest]: using defaults.
14:06:56.692 [Test worker] INFO org.springframework.boot.test.context.SpringBootTestContextBootstrapper - Loaded default TestExecutionListener class names from location [META-INF/spring.factories]: [org.springframework.boot.test.autoconfigure.restdocs.RestDocsTestExecutionListener, org.springframework.boot.test.autoconfigure.web.client.MockRestServiceServerResetTestExecutionListener, org.springframework.boot.test.autoconfigure.web.servlet.MockMvcPrintOnlyOnFailureTestExecutionListener, org.springframework.boot.test.autoconfigure.web.servlet.WebDriverTestExecutionListener, org.springframework.boot.test.mock.mockito.MockitoTestExecutionListener, org.springframework.boot.test.mock.mockito.ResetMocksTestExecutionListener, org.springframework.test.context.web.ServletTestExecutionListener, org.springframework.test.context.support.DirtiesContextBeforeModesTestExecutionListener, org.springframework.test.context.support.DependencyInjectionTestExecutionListener, org.springframework.test.context.support.DirtiesContextTestExecutionListener, org.springframework.test.context.transaction.TransactionalTestExecutionListener, org.springframework.test.context.jdbc.SqlScriptsTestExecutionListener]
14:06:56.709 [Test worker] DEBUG org.springframework.boot.test.context.SpringBootTestContextBootstrapper - Skipping candidate TestExecutionListener [org.springframework.test.context.web.ServletTestExecutionListener] due to a missing dependency. Specify custom listener classes or make the default listener classes and their required dependencies available. Offending class: [javax/servlet/ServletContext]
14:06:56.724 [Test worker] INFO org.springframework.boot.test.context.SpringBootTestContextBootstrapper - Using TestExecutionListeners: [org.springframework.test.context.support.DirtiesContextBeforeModesTestExecutionListener@65850a99, org.springframework.boot.test.mock.mockito.MockitoTestExecutionListener@123976e0, org.springframework.boot.test.autoconfigure.SpringBootDependencyInjectionTestExecutionListener@64dbb982, org.springframework.test.context.support.DirtiesContextTestExecutionListener@41d83b62, org.springframework.test.context.transaction.TransactionalTestExecutionListener@cc42002, org.springframework.test.context.jdbc.SqlScriptsTestExecutionListener@5593c90c, org.springframework.boot.test.autoconfigure.restdocs.RestDocsTestExecutionListener@6cbd7d95, org.springframework.boot.test.autoconfigure.web.client.MockRestServiceServerResetTestExecutionListener@6c3e584b, org.springframework.boot.test.autoconfigure.web.servlet.MockMvcPrintOnlyOnFailureTestExecutionListener@4157b1fe, org.springframework.boot.test.autoconfigure.web.servlet.WebDriverTestExecutionListener@a47cb71, org.springframework.boot.test.mock.mockito.ResetMocksTestExecutionListener@d915e79]
14:06:56.728 [Test worker] DEBUG org.springframework.test.annotation.ProfileValueUtils - Retrieved @ProfileValueSourceConfiguration [null] for test class [mx.edu.uacm.test.domain.VehiculoTest]
14:06:56.729 [Test worker] DEBUG org.springframework.test.annotation.ProfileValueUtils - Retrieved ProfileValueSource type [class org.springframework.test.annotation.SystemProfileValueSource] for class [mx.edu.uacm.test.domain.VehiculoTest]
14:06:56.734 [Test worker] DEBUG org.springframework.test.annotation.ProfileValueUtils - Retrieved @ProfileValueSourceConfiguration [null] for test class [mx.edu.uacm.test.domain.VehiculoTest]
14:06:56.734 [Test worker] DEBUG org.springframework.test.annotation.ProfileValueUtils - Retrieved ProfileValueSource type [class org.springframework.test.annotation.SystemProfileValueSource] for class [mx.edu.uacm.test.domain.VehiculoTest]
14:06:56.735 [Test worker] DEBUG org.springframework.test.annotation.ProfileValueUtils - Retrieved @ProfileValueSourceConfiguration [null] for test class [mx.edu.uacm.test.domain.VehiculoTest]
14:06:56.735 [Test worker] DEBUG org.springframework.test.annotation.ProfileValueUtils - Retrieved ProfileValueSource type [class org.springframework.test.annotation.SystemProfileValueSource] for class [mx.edu.uacm.test.domain.VehiculoTest]
14:06:56.741 [Test worker] DEBUG org.springframework.test.context.support.AbstractDirtiesContextTestExecutionListener - Before test class: context [DefaultTestContext@9b4d5f0 testClass = VehiculoTest, testInstance = [null], testMethod = [null], testException = [null], mergedContextConfiguration = [MergedContextConfiguration@7c926c84 testClass = VehiculoTest, locations = '{}', classes = '{class mx.edu.uacm.Application, class mx.edu.uacm.Application}', contextInitializerClasses = '[]', activeProfiles = '{}', propertySourceLocations = '{}', propertySourceProperties = '{org.springframework.boot.test.context.SpringBootTestContextBootstrapper=true}', contextCustomizers = set[org.springframework.boot.test.autoconfigure.properties.PropertyMappingContextCustomizer@0, org.springframework.boot.test.autoconfigure.web.servlet.WebDriverContextCustomizerFactory$Customizer@9013693, org.springframework.boot.test.context.filter.ExcludeFilterContextCustomizer@7be4b2aa, org.springframework.boot.test.json.DuplicateJsonObjectContextCustomizerFactory$DuplicateJsonObjectContextCustomizer@48a2379e, org.springframework.boot.test.mock.mockito.MockitoContextCustomizer@0, org.springframework.boot.test.web.client.TestRestTemplateContextCustomizer@57b280be], contextLoader = 'org.springframework.boot.test.context.SpringBootContextLoader', parent = [null]], attributes = map[[empty]]], class annotated with @DirtiesContext [false] with mode [null].
14:06:56.742 [Test worker] DEBUG org.springframework.test.annotation.ProfileValueUtils - Retrieved @ProfileValueSourceConfiguration [null] for test class [mx.edu.uacm.test.domain.VehiculoTest]
14:06:56.742 [Test worker] DEBUG org.springframework.test.annotation.ProfileValueUtils - Retrieved ProfileValueSource type [class org.springframework.test.annotation.SystemProfileValueSource] for class [mx.edu.uacm.test.domain.VehiculoTest]
14:06:56.748 [Test worker] DEBUG org.springframework.test.context.support.DependencyInjectionTestExecutionListener - Performing dependency injection for test context [[DefaultTestContext@9b4d5f0 testClass = VehiculoTest, testInstance = mx.edu.uacm.test.domain.VehiculoTest@6bacb474, testMethod = [null], testException = [null], mergedContextConfiguration = [MergedContextConfiguration@7c926c84 testClass = VehiculoTest, locations = '{}', classes = '{class mx.edu.uacm.Application, class mx.edu.uacm.Application}', contextInitializerClasses = '[]', activeProfiles = '{}', propertySourceLocations = '{}', propertySourceProperties = '{org.springframework.boot.test.context.SpringBootTestContextBootstrapper=true}', contextCustomizers = set[org.springframework.boot.test.autoconfigure.properties.PropertyMappingContextCustomizer@0, org.springframework.boot.test.autoconfigure.web.servlet.WebDriverContextCustomizerFactory$Customizer@9013693, org.springframework.boot.test.context.filter.ExcludeFilterContextCustomizer@7be4b2aa, org.springframework.boot.test.json.DuplicateJsonObjectContextCustomizerFactory$DuplicateJsonObjectContextCustomizer@48a2379e, org.springframework.boot.test.mock.mockito.MockitoContextCustomizer@0, org.springframework.boot.test.web.client.TestRestTemplateContextCustomizer@57b280be], contextLoader = 'org.springframework.boot.test.context.SpringBootContextLoader', parent = [null]], attributes = map[[empty]]]].
14:06:56.780 [Test worker] DEBUG org.springframework.core.env.StandardEnvironment - Adding PropertySource 'systemProperties' with lowest search precedence
14:06:56.780 [Test worker] DEBUG org.springframework.core.env.StandardEnvironment - Adding PropertySource 'systemEnvironment' with lowest search precedence
14:06:56.781 [Test worker] DEBUG org.springframework.core.env.StandardEnvironment - Initialized StandardEnvironment with PropertySources [MapPropertySource@1208240850 {name='systemProperties', properties={java.runtime.name=Java(TM) SE Runtime Environment, sun.boot.library.path=C:\Program Files\Java\jdk1.8.0_181\jre\bin, java.vm.version=25.181-b13, java.vm.vendor=Oracle Corporation, java.vendor.url=http://java.oracle.com/, path.separator=;, java.vm.name=Java HotSpot(TM) 64-Bit Server VM, file.encoding.pkg=sun.io, user.script=, sun.java.launcher=SUN_STANDARD, user.country=MX, sun.os.patch.level=, java.vm.specification.name=Java Virtual Machine Specification, user.dir=C:\Users\Profesor\Documents\GitHub\PrimerProyectoHibernateSpringBoot, java.runtime.version=1.8.0_181-b13, java.awt.graphicsenv=sun.awt.Win32GraphicsEnvironment, java.endorsed.dirs=C:\Program Files\Java\jdk1.8.0_181\jre\lib\endorsed, os.arch=amd64, java.io.tmpdir=C:\Users\Profesor\AppData\Local\Temp\, line.separator=
, java.vm.specification.vendor=Oracle Corporation, user.variant=, os.name=Windows 10, sun.jnu.encoding=Cp1252, java.library.path=C:\Program Files\Java\jdk1.8.0_181\bin;C:\WINDOWS\Sun\Java\bin;C:\WINDOWS\system32;C:\WINDOWS;C:\Program Files (x86)\Common Files\Oracle\Java\javapath;C:\Program Files\Haskell Platform\8.2.2\lib\extralibs\bin;C:\Program Files\Haskell Platform\8.2.2\bin;C:\Program Files\Microsoft MPI\Bin\;C:\ProgramData\Oracle\Java\javapath;C:\oraclexe\app\oracle\product\11.2.0\server\bin;C:\WINDOWS\system32;C:\WINDOWS;C:\WINDOWS\System32\Wbem;C:\WINDOWS\System32\WindowsPowerShell\v1.0\;c:\Program Files (x86)\Microsoft SQL Server\100\Tools\Binn\;C:\Program Files (x86)\Git\cmd;C:\Program Files\dotnet\;C:\Program Files\Microsoft SQL Server\130\Tools\Binn\;C:\Program Files\Haskell Platform\8.2.2\mingw\bin;C:\WINDOWS\System32\OpenSSH\;C:\Users\Profesor\AppData\Roaming\cabal\bin;C:\Users\Profesor\AppData\Roaming\local\bin;C:\Users\Profesor\AppData\Local\Microsoft\WindowsApps;;., java.specification.name=Java Platform API Specification, java.class.version=52.0, org.gradle.native=false, sun.management.compiler=HotSpot 64-Bit Tiered Compilers, os.version=10.0, user.home=C:\Users\Profesor, user.timezone=America/Mexico_City, java.awt.printerjob=sun.awt.windows.WPrinterJob, file.encoding=windows-1252, java.specification.version=1.8, java.class.path=C:\Users\Profesor\Documents\GitHub\PrimerProyectoHibernateSpringBoot\build\classes\java\test;C:\Users\Profesor\Documents\GitHub\PrimerProyectoHibernateSpringBoot\build\resources\test;C:\Users\Profesor\Documents\GitHub\PrimerProyectoHibernateSpringBoot\build\classes\java\main;C:\Users\Profesor\Documents\GitHub\PrimerProyectoHibernateSpringBoot\build\resources\main;C:\Users\Profesor\.gradle\caches\modules-2\files-2.1\org.springframework.boot\spring-boot-starter-data-jpa\2.0.5.RELEASE\c99b58e8ada11478aa5d0c3065745b7e887f094e\spring-boot-starter-data-jpa-2.0.5.RELEASE.jar;C:\Users\Profesor\.gradle\caches\modules-2\files-2.1\mysql\mysql-connector-java\5.1.31\95baa522c5ae4dbff61e8ebd1b2578665d6853a0\mysql-connector-java-5.1.31.jar;C:\Users\Profesor\.gradle\caches\modules-2\files-2.1\org.springframework.boot\spring-boot-starter-test\2.0.5.RELEASE\ab04ca2e76f6a8e786001352a81a10e4b0e7fbc8\spring-boot-starter-test-2.0.5.RELEASE.jar;C:\Users\Profesor\.gradle\caches\modules-2\files-2.1\org.springframework.boot\spring-boot-starter-aop\2.0.5.RELEASE\6bc1e8bcc849772d48cae1e8278cd2b471361698\spring-boot-starter-aop-2.0.5.RELEASE.jar;C:\Users\Profesor\.gradle\caches\modules-2\files-2.1\org.springframework.boot\spring-boot-starter-jdbc\2.0.5.RELEASE\9a5370acc7c5e17f4a00578211fbbd212b9a8329\spring-boot-starter-jdbc-2.0.5.RELEASE.jar;C:\Users\Profesor\.gradle\caches\modules-2\files-2.1\org.springframework.boot\spring-boot-starter\2.0.5.RELEASE\1f53487a373be18d064a5815e9bac9882ef15cdc\spring-boot-starter-2.0.5.RELEASE.jar;C:\Users\Profesor\.gradle\caches\modules-2\files-2.1\javax.transaction\javax.transaction-api\1.2\d81aff979d603edd90dcd8db2abc1f4ce6479e3e\javax.transaction-api-1.2.jar;C:\Users\Profesor\.gradle\caches\modules-2\files-2.1\org.hibernate\hibernate-core\5.2.17.Final\f2dc36470e7a2ffcf6106bb1625ecf5b54bb5f65\hibernate-core-5.2.17.Final.jar;C:\Users\Profesor\.gradle\caches\modules-2\files-2.1\org.springframework.data\spring-data-jpa\2.0.10.RELEASE\a6e644c363d050c6c90f078f4f0ac66892f60d54\spring-data-jpa-2.0.10.RELEASE.jar;C:\Users\Profesor\.gradle\caches\modules-2\files-2.1\org.springframework\spring-aspects\5.0.9.RELEASE\dfb2da4c573391d8e8a482f08bdf4d38398e2bb0\spring-aspects-5.0.9.RELEASE.jar;C:\Users\Profesor\.gradle\caches\modules-2\files-2.1\org.springframework.boot\spring-boot-test-autoconfigure\2.0.5.RELEASE\54d5e8f9e88c6236fe164474f0aed5a8a1052c43\spring-boot-test-autoconfigure-2.0.5.RELEASE.jar;C:\Users\Profesor\.gradle\caches\modules-2\files-2.1\org.springframework.boot\spring-boot-test\2.0.5.RELEASE\ce6353f33217982357a6bdba6576015ea333304c\spring-boot-test-2.0.5.RELEASE.jar;C:\Users\Profesor\.gradle\caches\modules-2\files-2.1\com.jayway.jsonpath\json-path\2.4.0\765a4401ceb2dc8d40553c2075eb80a8fa35c2ae\json-path-2.4.0.jar;C:\Users\Profesor\.gradle\caches\modules-2\files-2.1\junit\junit\4.12\2973d150c0dc1fefe998f834810d68f278ea58ec\junit-4.12.jar;C:\Users\Profesor\.gradle\caches\modules-2\files-2.1\org.assertj\assertj-core\3.9.1\c5ce126b15f28d56cd8f960c1a6a058b9c9aea87\assertj-core-3.9.1.jar;C:\Users\Profesor\.gradle\caches\modules-2\files-2.1\org.mockito\mockito-core\2.15.0\b84bfbbc29cd22c9529409627af6ea2897f4fa85\mockito-core-2.15.0.jar;C:\Users\Profesor\.gradle\caches\modules-2\files-2.1\org.hamcrest\hamcrest-library\1.3\4785a3c21320980282f9f33d0d1264a69040538f\hamcrest-library-1.3.jar;C:\Users\Profesor\.gradle\caches\modules-2\files-2.1\org.hamcrest\hamcrest-core\1.3\42a25dc3219429f0e5d060061f71acb49bf010a0\hamcrest-core-1.3.jar;C:\Users\Profesor\.gradle\caches\modules-2\files-2.1\org.skyscreamer\jsonassert\1.5.0\6c9d5fe2f59da598d9aefc1cfc6528ff3cf32df3\jsonassert-1.5.0.jar;C:\Users\Profesor\.gradle\caches\modules-2\files-2.1\org.springframework\spring-test\5.0.9.RELEASE\218c8648f898453be92d550252e0ce2a84b54375\spring-test-5.0.9.RELEASE.jar;C:\Users\Profesor\.gradle\caches\modules-2\files-2.1\org.springframework.boot\spring-boot-autoconfigure\2.0.5.RELEASE\e5588642799e0c0c04638e255c3d3f31ba400ff4\spring-boot-autoconfigure-2.0.5.RELEASE.jar;C:\Users\Profesor\.gradle\caches\modules-2\files-2.1\org.springframework.boot\spring-boot\2.0.5.RELEASE\19a4624cbd89a318d10c79f289c6c816043850fb\spring-boot-2.0.5.RELEASE.jar;C:\Users\Profesor\.gradle\caches\modules-2\files-2.1\org.springframework\spring-context\5.0.9.RELEASE\2501e55acb6c2e84667cda3f845d1d00a0dc4e05\spring-context-5.0.9.RELEASE.jar;C:\Users\Profesor\.gradle\caches\modules-2\files-2.1\org.springframework\spring-aop\5.0.9.RELEASE\98003b099697fe46b6bdf18c7e3f66d7a1381060\spring-aop-5.0.9.RELEASE.jar;C:\Users\Profesor\.gradle\caches\modules-2\files-2.1\org.springframework\spring-orm\5.0.9.RELEASE\bb9265effd7c903f4cc1c98d16b4188b7827a1cc\spring-orm-5.0.9.RELEASE.jar;C:\Users\Profesor\.gradle\caches\modules-2\files-2.1\org.springframework\spring-jdbc\5.0.9.RELEASE\2f38726ef2f5ecb72af7e915dac43177b01a8f53\spring-jdbc-5.0.9.RELEASE.jar;C:\Users\Profesor\.gradle\caches\modules-2\files-2.1\org.springframework.data\spring-data-commons\2.0.10.RELEASE\64d4e58a2b16b9446d51a2650058d821a5bce98d\spring-data-commons-2.0.10.RELEASE.jar;C:\Users\Profesor\.gradle\caches\modules-2\files-2.1\org.springframework\spring-tx\5.0.9.RELEASE\d3a13fc3c56bdddd8144a686ed64f0cdb3ad7305\spring-tx-5.0.9.RELEASE.jar;C:\Users\Profesor\.gradle\caches\modules-2\files-2.1\org.springframework\spring-beans\5.0.9.RELEASE\65f56fdab1bb90ad059e314d2f2f4cf76f9bdbde\spring-beans-5.0.9.RELEASE.jar;C:\Users\Profesor\.gradle\caches\modules-2\files-2.1\org.springframework\spring-expression\5.0.9.RELEASE\1f9db5ff3a758102c0434cc3457aa47c50c39a4a\spring-expression-5.0.9.RELEASE.jar;C:\Users\Profesor\.gradle\caches\modules-2\files-2.1\org.springframework\spring-core\5.0.9.RELEASE\9f9a828936d81afd49a603bda9cc1aed863a0d85\spring-core-5.0.9.RELEASE.jar;C:\Users\Profesor\.gradle\caches\modules-2\files-2.1\org.xmlunit\xmlunit-core\2.5.1\4ffdb346572a7356f7521cd3119ce5287d2e339d\xmlunit-core-2.5.1.jar;C:\Users\Profesor\.gradle\caches\modules-2\files-2.1\org.springframework.boot\spring-boot-starter-logging\2.0.5.RELEASE\c353e0b9591d0765c687ff0a678478cbebfd5c23\spring-boot-starter-logging-2.0.5.RELEASE.jar;C:\Users\Profesor\.gradle\caches\modules-2\files-2.1\javax.annotation\javax.annotation-api\1.3.2\934c04d3cfef185a8008e7bf34331b79730a9d43\javax.annotation-api-1.3.2.jar;C:\Users\Profesor\.gradle\caches\modules-2\files-2.1\org.yaml\snakeyaml\1.19\2d998d3d674b172a588e54ab619854d073f555b5\snakeyaml-1.19.jar;C:\Users\Profesor\.gradle\caches\modules-2\files-2.1\org.aspectj\aspectjweaver\1.8.13\ad94df2a28d658a40dc27bbaff6a1ce5fbf04e9b\aspectjweaver-1.8.13.jar;C:\Users\Profesor\.gradle\caches\modules-2\files-2.1\com.zaxxer\HikariCP\2.7.9\a83113d2c091d0d0f853dad3217bd7df3beb6ae3\HikariCP-2.7.9.jar;C:\Users\Profesor\.gradle\caches\modules-2\files-2.1\org.hibernate.common\hibernate-commons-annotations\5.0.1.Final\71e1cff3fcb20d3b3af4f3363c3ddb24d33c6879\hibernate-commons-annotations-5.0.1.Final.jar;C:\Users\Profesor\.gradle\caches\modules-2\files-2.1\org.jboss.logging\jboss-logging\3.3.2.Final\3789d00e859632e6c6206adc0c71625559e6e3b0\jboss-logging-3.3.2.Final.jar;C:\Users\Profesor\.gradle\caches\modules-2\files-2.1\org.hibernate.javax.persistence\hibernate-jpa-2.1-api\1.0.2.Final\52afb5762c704a6b586e27742470c08f91877fc1\hibernate-jpa-2.1-api-1.0.2.Final.jar;C:\Users\Profesor\.gradle\caches\modules-2\files-2.1\org.javassist\javassist\3.22.0-GA\3e83394258ae2089be7219b971ec21a8288528ad\javassist-3.22.0-GA.jar;C:\Users\Profesor\.gradle\caches\modules-2\files-2.1\antlr\antlr\2.7.7\83cd2cd674a217ade95a4bb83a8a14f351f48bd0\antlr-2.7.7.jar;C:\Users\Profesor\.gradle\caches\modules-2\files-2.1\org.jboss\jandex\2.0.3.Final\bfc4d6257dbff7a33a357f0de116be6ff951d849\jandex-2.0.3.Final.jar;C:\Users\Profesor\.gradle\caches\modules-2\files-2.1\com.fasterxml\classmate\1.3.4\3d5f48f10bbe4eb7bd862f10c0583be2e0053c6\classmate-1.3.4.jar;C:\Users\Profesor\.gradle\caches\modules-2\files-2.1\dom4j\dom4j\1.6.1\5d3ccc056b6f056dbf0dddfdf43894b9065a8f94\dom4j-1.6.1.jar;C:\Users\Profesor\.gradle\caches\modules-2\files-2.1\ch.qos.logback\logback-classic\1.2.3\7c4f3c474fb2c041d8028740440937705ebb473a\logback-classic-1.2.3.jar;C:\Users\Profesor\.gradle\caches\modules-2\files-2.1\org.apache.logging.log4j\log4j-to-slf4j\2.10.0\f7e631ccf49cfc0aefa4a2a728da7d374c05bd3c\log4j-to-slf4j-2.10.0.jar;C:\Users\Profesor\.gradle\caches\modules-2\files-2.1\org.slf4j\jul-to-slf4j\1.7.25\af5364cd6679bfffb114f0dec8a157aaa283b76\jul-to-slf4j-1.7.25.jar;C:\Users\Profesor\.gradle\caches\modules-2\files-2.1\org.slf4j\slf4j-api\1.7.25\da76ca59f6a57ee3102f8f9bd9cee742973efa8a\slf4j-api-1.7.25.jar;C:\Users\Profesor\.gradle\caches\modules-2\files-2.1\net.minidev\json-smart\2.3\7396407491352ce4fa30de92efb158adb76b5b\json-smart-2.3.jar;C:\Users\Profesor\.gradle\caches\modules-2\files-2.1\net.bytebuddy\byte-buddy\1.7.11\f02857a4e2c66ccbe7aaad6100a0a6c461bce9b3\byte-buddy-1.7.11.jar;C:\Users\Profesor\.gradle\caches\modules-2\files-2.1\net.bytebuddy\byte-buddy-agent\1.7.11\b425a8933ca07edd03c6dbc8bc3b595fba9780de\byte-buddy-agent-1.7.11.jar;C:\Users\Profesor\.gradle\caches\modules-2\files-2.1\org.objenesis\objenesis\2.6\639033469776fd37c08358c6b92a4761feb2af4b\objenesis-2.6.jar;C:\Users\Profesor\.gradle\caches\modules-2\files-2.1\com.vaadin.external.google\android-json\0.0.20131108.vaadin1\fa26d351fe62a6a17f5cda1287c1c6110dec413f\android-json-0.0.20131108.vaadin1.jar;C:\Users\Profesor\.gradle\caches\modules-2\files-2.1\org.springframework\spring-jcl\5.0.9.RELEASE\bc3b5aaae53f0bc03647e53ecbd98a05b47a4e90\spring-jcl-5.0.9.RELEASE.jar;C:\Users\Profesor\.gradle\caches\modules-2\files-2.1\net.minidev\accessors-smart\1.2\c592b500269bfde36096641b01238a8350f8aa31\accessors-smart-1.2.jar;C:\Users\Profesor\.gradle\caches\modules-2\files-2.1\ch.qos.logback\logback-core\1.2.3\864344400c3d4d92dfeb0a305dc87d953677c03c\logback-core-1.2.3.jar;C:\Users\Profesor\.gradle\caches\modules-2\files-2.1\org.apache.logging.log4j\log4j-api\2.10.0\fec5797a55b786184a537abd39c3fa1449d752d6\log4j-api-2.10.0.jar;C:\Users\Profesor\.gradle\caches\modules-2\files-2.1\org.ow2.asm\asm\5.0.4\da08b8cce7bbf903602a25a3a163ae252435795\asm-5.0.4.jar, user.name=Profesor, java.vm.specification.version=1.8, sun.java.command=worker.org.gradle.process.internal.worker.GradleWorkerMain 'Gradle Test Executor 3', java.home=C:\Program Files\Java\jdk1.8.0_181\jre, sun.arch.data.model=64, user.language=es, java.specification.vendor=Oracle Corporation, awt.toolkit=sun.awt.windows.WToolkit, java.vm.info=mixed mode, java.version=1.8.0_181, java.ext.dirs=C:\Program Files\Java\jdk1.8.0_181\jre\lib\ext;C:\WINDOWS\Sun\Java\lib\ext, sun.boot.class.path=C:\Program Files\Java\jdk1.8.0_181\jre\lib\resources.jar;C:\Program Files\Java\jdk1.8.0_181\jre\lib\rt.jar;C:\Program Files\Java\jdk1.8.0_181\jre\lib\sunrsasign.jar;C:\Program Files\Java\jdk1.8.0_181\jre\lib\jsse.jar;C:\Program Files\Java\jdk1.8.0_181\jre\lib\jce.jar;C:\Program Files\Java\jdk1.8.0_181\jre\lib\charsets.jar;C:\Program Files\Java\jdk1.8.0_181\jre\lib\jfr.jar;C:\Program Files\Java\jdk1.8.0_181\jre\classes, java.vendor=Oracle Corporation, org.gradle.test.worker=3, file.separator=\, java.vendor.url.bug=http://bugreport.sun.com/bugreport/, sun.io.unicode.encoding=UnicodeLittle, sun.cpu.endian=little, sun.desktop=windows, sun.cpu.isalist=amd64}}, SystemEnvironmentPropertySource@1412935954 {name='systemEnvironment', properties={USERDOMAIN_ROAMINGPROFILE=A-000-4307, LOCALAPPDATA=C:\Users\Profesor\AppData\Local, MSMPI_BIN=C:\Program Files\Microsoft MPI\Bin\, PROCESSOR_LEVEL=6, USERDOMAIN=A-000-4307, LOGONSERVER=\\A-000-4307, FSHARPINSTALLDIR=C:\Program Files (x86)\Microsoft SDKs\F#\4.1\Framework\v4.0\, SESSIONNAME=Console, ALLUSERSPROFILE=C:\ProgramData, PROCESSOR_ARCHITECTURE=AMD64, PSModulePath=C:\Program Files\WindowsPowerShell\Modules;C:\WINDOWS\system32\WindowsPowerShell\v1.0\Modules, SystemDrive=C:, OneDrive=C:\Users\Profesor\OneDrive, APPDATA=C:\Users\Profesor\AppData\Roaming, STACK_ROOT=C:\sr, USERNAME=Profesor, ProgramFiles(x86)=C:\Program Files (x86), CommonProgramFiles=C:\Program Files\Common Files, Path=C:\Program Files (x86)\Common Files\Oracle\Java\javapath;C:\Program Files\Haskell Platform\8.2.2\lib\extralibs\bin;C:\Program Files\Haskell Platform\8.2.2\bin;C:\Program Files\Microsoft MPI\Bin\;C:\ProgramData\Oracle\Java\javapath;C:\oraclexe\app\oracle\product\11.2.0\server\bin;C:\WINDOWS\system32;C:\WINDOWS;C:\WINDOWS\System32\Wbem;C:\WINDOWS\System32\WindowsPowerShell\v1.0\;c:\Program Files (x86)\Microsoft SQL Server\100\Tools\Binn\;C:\Program Files (x86)\Git\cmd;C:\Program Files\dotnet\;C:\Program Files\Microsoft SQL Server\130\Tools\Binn\;C:\Program Files\Haskell Platform\8.2.2\mingw\bin;C:\WINDOWS\System32\OpenSSH\;C:\Users\Profesor\AppData\Roaming\cabal\bin;C:\Users\Profesor\AppData\Roaming\local\bin;C:\Users\Profesor\AppData\Local\Microsoft\WindowsApps;, PATHEXT=.COM;.EXE;.BAT;.CMD;.VBS;.VBE;.JS;.JSE;.WSF;.WSH;.MSC, DriverData=C:\Windows\System32\Drivers\DriverData, OS=Windows_NT, COMPUTERNAME=A-000-4307, ADSK_CLM_WPAD_PROXY_CHECK=FALSE, PROCESSOR_REVISION=3c03, CommonProgramW6432=C:\Program Files\Common Files, ComSpec=C:\WINDOWS\system32\cmd.exe, ProgramData=C:\ProgramData, ProgramW6432=C:\Program Files, HOMEPATH=\Users\Profesor, SystemRoot=C:\WINDOWS, TEMP=C:\Users\Profesor\AppData\Local\Temp, ESET_OPTIONS=                                                                                                                                                                                                                                                                                                                                                                                                                                                                                                                               , HOMEDRIVE=C:, PROCESSOR_IDENTIFIER=Intel64 Family 6 Model 60 Stepping 3, GenuineIntel, USERPROFILE=C:\Users\Profesor, TMP=C:\Users\Profesor\AppData\Local\Temp, CommonProgramFiles(x86)=C:\Program Files (x86)\Common Files, ProgramFiles=C:\Program Files, PUBLIC=C:\Users\Public, NUMBER_OF_PROCESSORS=4, windir=C:\WINDOWS, =::=::\}}]
14:06:56.789 [Test worker] DEBUG org.springframework.test.context.support.TestPropertySourceUtils - Adding inlined properties to environment: {spring.jmx.enabled=false, org.springframework.boot.test.context.SpringBootTestContextBootstrapper=true, server.port=-1}
14:06:56.789 [Test worker] DEBUG org.springframework.core.env.StandardEnvironment - Adding PropertySource 'Inlined Test Properties' with highest search precedence

  .   ____          _            __ _ _
 /\\ / ___'_ __ _ _(_)_ __  __ _ \ \ \ \
( ( )\___ | '_ | '_| | '_ \/ _` | \ \ \ \
 \\/  ___)| |_)| | | | | || (_| |  ) ) ) )
  '  |____| .__|_| |_|_| |_\__, | / / / /
 =========|_|==============|___/=/_/_/_/
 :: Spring Boot ::        (v2.0.5.RELEASE)

2018-10-11 14:06:57.153  INFO 1700 --- [    Test worker] mx.edu.uacm.test.domain.VehiculoTest     : Starting VehiculoTest on A-000-4307 with PID 1700 (started by Profesor in C:\Users\Profesor\Documents\GitHub\PrimerProyectoHibernateSpringBoot)
2018-10-11 14:06:57.157 DEBUG 1700 --- [    Test worker] mx.edu.uacm.test.domain.VehiculoTest     : Running with Spring Boot v2.0.5.RELEASE, Spring v5.0.9.RELEASE
2018-10-11 14:06:57.158  INFO 1700 --- [    Test worker] mx.edu.uacm.test.domain.VehiculoTest     : No active profile set, falling back to default profiles: default
2018-10-11 14:06:57.193  INFO 1700 --- [    Test worker] s.c.a.AnnotationConfigApplicationContext : Refreshing org.springframework.context.annotation.AnnotationConfigApplicationContext@2d532be6: startup date [Thu Oct 11 14:06:57 CDT 2018]; root of context hierarchy
2018-10-11 14:06:59.295  INFO 1700 --- [    Test worker] j.LocalContainerEntityManagerFactoryBean : Building JPA container EntityManagerFactory for persistence unit 'default'
2018-10-11 14:06:59.371  INFO 1700 --- [    Test worker] o.hibernate.jpa.internal.util.LogHelper  : HHH000204: Processing PersistenceUnitInfo [
	name: default
	...]
2018-10-11 14:06:59.573  INFO 1700 --- [    Test worker] org.hibernate.Version                    : HHH000412: Hibernate Core {5.2.17.Final}
2018-10-11 14:06:59.577  INFO 1700 --- [    Test worker] org.hibernate.cfg.Environment            : HHH000206: hibernate.properties not found
2018-10-11 14:06:59.713  INFO 1700 --- [    Test worker] o.hibernate.annotations.common.Version   : HCANN000001: Hibernate Commons Annotations {5.0.1.Final}
2018-10-11 14:06:59.986  INFO 1700 --- [    Test worker] com.zaxxer.hikari.HikariDataSource       : HikariPool-1 - Starting...
2018-10-11 14:07:00.329  INFO 1700 --- [    Test worker] com.zaxxer.hikari.HikariDataSource       : HikariPool-1 - Start completed.
2018-10-11 14:07:00.403  INFO 1700 --- [    Test worker] org.hibernate.dialect.Dialect            : HHH000400: Using dialect: org.hibernate.dialect.MySQL5Dialect
2018-10-11 14:07:01.047  INFO 1700 --- [    Test worker] org.hibernate.tuple.PojoInstantiator     : HHH000182: No default (no-argument) constructor for class: mx.edu.uacm.domain.Accesorio (class must be instantiated by Interceptor)
Hibernate: drop table if exists accesorio
Hibernate: drop table if exists hibernate_sequence
Hibernate: drop table if exists vehiculo
Hibernate: drop table if exists vehiculo_accesorio
Hibernate: create table accesorio (id bigint not null, nombre_accesorio varchar(255), primary key (id)) engine=MyISAM
Hibernate: create table hibernate_sequence (next_val bigint) engine=MyISAM
Hibernate: insert into hibernate_sequence values ( 1 )
Hibernate: insert into hibernate_sequence values ( 1 )
Hibernate: create table vehiculo (id integer not null, modelo varchar(255), primary key (id)) engine=MyISAM
Hibernate: create table vehiculo_accesorio (vehiculo_id integer not null, accesorio_id bigint not null) engine=MyISAM
Hibernate: alter table vehiculo_accesorio add constraint UK_qhw1kbwb7a4h7hep4n2m2lbe1 unique (accesorio_id)
Hibernate: alter table vehiculo_accesorio add constraint FK3sw200a5dlpmn2s53mpxllobw foreign key (accesorio_id) references accesorio (id)
Hibernate: alter table vehiculo_accesorio add constraint FK9j4u522j106cpp3jpa8h6ycto foreign key (vehiculo_id) references vehiculo (id)
2018-10-11 14:07:01.982  INFO 1700 --- [    Test worker] o.h.t.schema.internal.SchemaCreatorImpl  : HHH000476: Executing import script 'org.hibernate.tool.schema.internal.exec.ScriptSourceInputNonExistentImpl@440e68b1'
2018-10-11 14:07:02.007  INFO 1700 --- [    Test worker] j.LocalContainerEntityManagerFactoryBean : Initialized JPA EntityManagerFactory for persistence unit 'default'
2018-10-11 14:07:02.944  INFO 1700 --- [    Test worker] mx.edu.uacm.test.domain.VehiculoTest     : Started VehiculoTest in 6.151 seconds (JVM running for 7.763)
Hibernate: select next_val as id_val from hibernate_sequence for update
Hibernate: update hibernate_sequence set next_val= ? where next_val=?
Hibernate: select next_val as id_val from hibernate_sequence for update
Hibernate: update hibernate_sequence set next_val= ? where next_val=?
Hibernate: select next_val as id_val from hibernate_sequence for update
Hibernate: update hibernate_sequence set next_val= ? where next_val=?
Hibernate: insert into vehiculo (modelo, id) values (?, ?)
Hibernate: insert into accesorio (nombre_accesorio, id) values (?, ?)
Hibernate: insert into accesorio (nombre_accesorio, id) values (?, ?)
Hibernate: insert into vehiculo_accesorio (vehiculo_id, accesorio_id) values (?, ?)
Hibernate: insert into vehiculo_accesorio (vehiculo_id, accesorio_id) values (?, ?)
]]></system-out>
  <system-err><![CDATA[]]></system-err>
</testsuite>
